10:39:33.914 [main] INFO  api.test.UserTests -*** Post request will start ***
10:39:37.798 [main] INFO  api.test.UserTests -*** successfully the Post request has done ***
10:39:37.824 [main] INFO  api.test.UserTests -*** Get request will start ***
10:39:39.582 [main] INFO  api.test.UserTests -*** successfully the Get request has done ***
10:39:39.586 [main] INFO  api.test.UserTests -*** Update request will start ***
10:39:41.213 [main] INFO  api.test.UserTests -*** successfully the Update request has done ***
10:39:41.219 [main] INFO  api.test.UserTests -*** Delete request will start ***
10:39:42.851 [main] INFO  api.test.UserTests -*** successfully the Delete request has done ***
10:41:10.746 [main] INFO  api.test.UserTests -*** Post request will start ***
10:41:15.555 [main] INFO  api.test.UserTests -*** successfully the Post request has done ***
10:41:15.581 [main] INFO  api.test.UserTests -*** Get request will start ***
10:41:17.163 [main] INFO  api.test.UserTests -*** successfully the Get request has done ***
10:41:17.167 [main] INFO  api.test.UserTests -*** Update request will start ***
10:41:19.005 [main] INFO  api.test.UserTests -*** successfully the Update request has done ***
10:41:19.010 [main] INFO  api.test.UserTests -*** Delete request will start ***
10:41:20.848 [main] INFO  api.test.UserTests -*** successfully the Delete request has done ***
10:44:44.393 [main] INFO  api.test.UserTests -*** Post request will start ***
10:44:48.253 [main] INFO  api.test.UserTests -*** successfully the Post request has done ***
10:44:48.266 [main] INFO  api.test.UserTests -*** Get request will start ***
10:44:49.855 [main] INFO  api.test.UserTests -*** successfully the Get request has done ***
10:44:49.871 [main] INFO  api.test.UserTests -*** Update request will start ***
10:44:51.590 [main] INFO  api.test.UserTests -*** successfully the Update request has done ***
10:44:51.595 [main] INFO  api.test.UserTests -*** Delete request will start ***
10:44:53.332 [main] INFO  api.test.UserTests -*** successfully the Delete request has done ***
11:54:28.676 [main] INFO  api.test.UserTests_Properties -*** Post request will start ***
11:54:32.482 [main] INFO  api.test.UserTests_Properties -*** successfully the Post request has done ***
11:54:32.490 [main] INFO  api.test.UserTests_Properties -*** Get request will start ***
11:54:34.142 [main] INFO  api.test.UserTests_Properties -*** successfully the Get request has done ***
11:54:34.145 [main] INFO  api.test.UserTests_Properties -*** Update request will start ***
11:54:35.781 [main] INFO  api.test.UserTests_Properties -*** successfully the Update request has done ***
11:54:35.785 [main] INFO  api.test.UserTests_Properties -*** Delete request will start ***
11:54:37.421 [main] INFO  api.test.UserTests_Properties -*** successfully the Delete request has done ***
12:01:24.393 [main] INFO  api.test.UserTests -*** Post request will start ***
12:01:28.327 [main] INFO  api.test.UserTests -*** successfully the Post request has done ***
12:01:28.344 [main] INFO  api.test.UserTests -*** Get request will start ***
12:01:30.099 [main] INFO  api.test.UserTests -*** successfully the Get request has done ***
12:01:30.102 [main] INFO  api.test.UserTests -*** Update request will start ***
12:01:31.735 [main] INFO  api.test.UserTests -*** successfully the Update request has done ***
12:01:31.738 [main] INFO  api.test.UserTests -*** Delete request will start ***
12:01:33.271 [main] INFO  api.test.UserTests -*** successfully the Delete request has done ***
12:01:44.174 [main] INFO  api.test.UserTests_Properties -*** Post request will start ***
12:01:45.764 [main] INFO  api.test.UserTests_Properties -*** successfully the Post request has done ***
12:01:45.768 [main] INFO  api.test.UserTests_Properties -*** Get request will start ***
12:01:47.300 [main] INFO  api.test.UserTests_Properties -*** successfully the Get request has done ***
12:01:47.303 [main] INFO  api.test.UserTests_Properties -*** Update request will start ***
12:01:48.835 [main] INFO  api.test.UserTests_Properties -*** successfully the Update request has done ***
12:01:48.839 [main] INFO  api.test.UserTests_Properties -*** Delete request will start ***
12:01:50.371 [main] INFO  api.test.UserTests_Properties -*** successfully the Delete request has done ***
12:12:33.121 [main] INFO  api.test.UserTests_Properties -*** Post request will start ***
12:12:36.885 [main] INFO  api.test.UserTests_Properties -*** successfully the Post request has done ***
12:12:36.893 [main] INFO  api.test.UserTests_Properties -*** Get request will start ***
12:12:38.468 [main] INFO  api.test.UserTests_Properties -*** successfully the Get request has done ***
12:12:38.471 [main] INFO  api.test.UserTests_Properties -*** Update request will start ***
12:12:40.104 [main] INFO  api.test.UserTests_Properties -*** successfully the Update request has done ***
12:12:40.107 [main] INFO  api.test.UserTests_Properties -*** Delete request will start ***
12:12:41.642 [main] INFO  api.test.UserTests_Properties -*** successfully the Delete request has done ***
12:12:41.694 [main] INFO  api.test.UserTests -*** Post request will start ***
12:12:43.381 [main] INFO  api.test.UserTests -*** successfully the Post request has done ***
12:12:43.384 [main] INFO  api.test.UserTests -*** Get request will start ***
12:12:44.918 [main] INFO  api.test.UserTests -*** successfully the Get request has done ***
12:12:44.921 [main] INFO  api.test.UserTests -*** Update request will start ***
12:12:46.457 [main] INFO  api.test.UserTests -*** successfully the Update request has done ***
12:12:46.470 [main] INFO  api.test.UserTests -*** Delete request will start ***
12:12:48.094 [main] INFO  api.test.UserTests -*** successfully the Delete request has done ***
12:14:58.364 [main] INFO  api.test.UserTests_Properties -*** Post request will start ***
12:15:02.194 [main] INFO  api.test.UserTests_Properties -*** successfully the Post request has done ***
12:15:02.205 [main] INFO  api.test.UserTests_Properties -*** Get request will start ***
12:15:03.779 [main] INFO  api.test.UserTests_Properties -*** successfully the Get request has done ***
12:15:03.783 [main] INFO  api.test.UserTests_Properties -*** Update request will start ***
12:15:05.411 [main] INFO  api.test.UserTests_Properties -*** successfully the Update request has done ***
12:15:05.415 [main] INFO  api.test.UserTests_Properties -*** Delete request will start ***
12:15:06.948 [main] INFO  api.test.UserTests_Properties -*** successfully the Delete request has done ***
12:15:07.042 [main] INFO  api.test.UserTests -*** Post request will start ***
12:15:08.689 [main] INFO  api.test.UserTests -*** successfully the Post request has done ***
12:15:08.696 [main] INFO  api.test.UserTests -*** Get request will start ***
12:15:10.328 [main] INFO  api.test.UserTests -*** successfully the Get request has done ***
12:15:10.340 [main] INFO  api.test.UserTests -*** Update request will start ***
12:15:11.966 [main] INFO  api.test.UserTests -*** successfully the Update request has done ***
12:15:11.986 [main] INFO  api.test.UserTests -*** Delete request will start ***
12:15:13.606 [main] INFO  api.test.UserTests -*** successfully the Delete request has done ***
12:18:36.236 [main] INFO  api.test.UserTests_Properties -*** Post request will start ***
12:18:39.969 [main] INFO  api.test.UserTests_Properties -*** successfully the Post request has done ***
12:18:39.984 [main] INFO  api.test.UserTests_Properties -*** Get request will start ***
12:18:41.586 [main] INFO  api.test.UserTests_Properties -*** successfully the Get request has done ***
12:18:41.593 [main] INFO  api.test.UserTests_Properties -*** Update request will start ***
12:18:43.221 [main] INFO  api.test.UserTests_Properties -*** successfully the Update request has done ***
12:18:43.226 [main] INFO  api.test.UserTests_Properties -*** Delete request will start ***
12:18:44.960 [main] INFO  api.test.UserTests_Properties -*** successfully the Delete request has done ***
12:18:45.058 [main] INFO  api.test.UserTests -*** Post request will start ***
12:18:46.801 [main] INFO  api.test.UserTests -*** successfully the Post request has done ***
12:18:46.803 [main] INFO  api.test.UserTests -*** Get request will start ***
12:18:48.340 [main] INFO  api.test.UserTests -*** successfully the Get request has done ***
12:18:48.346 [main] INFO  api.test.UserTests -*** Update request will start ***
12:18:49.976 [main] INFO  api.test.UserTests -*** successfully the Update request has done ***
12:18:49.978 [main] INFO  api.test.UserTests -*** Delete request will start ***
12:18:51.517 [main] INFO  api.test.UserTests -*** successfully the Delete request has done ***
12:20:54.787 [main] INFO  api.test.UserTests_Properties -*** Post request will start ***
12:20:58.637 [main] INFO  api.test.UserTests_Properties -*** successfully the Post request has done ***
12:20:58.652 [main] INFO  api.test.UserTests_Properties -*** Get request will start ***
12:21:00.342 [main] INFO  api.test.UserTests_Properties -*** successfully the Get request has done ***
12:21:00.349 [main] INFO  api.test.UserTests_Properties -*** Update request will start ***
12:21:01.975 [main] INFO  api.test.UserTests_Properties -*** successfully the Update request has done ***
12:21:01.979 [main] INFO  api.test.UserTests_Properties -*** Delete request will start ***
12:21:03.813 [main] INFO  api.test.UserTests_Properties -*** successfully the Delete request has done ***
12:21:03.881 [main] INFO  api.test.UserTests -*** Post request will start ***
12:21:05.657 [main] INFO  api.test.UserTests -*** successfully the Post request has done ***
12:21:05.661 [main] INFO  api.test.UserTests -*** Get request will start ***
12:21:07.193 [main] INFO  api.test.UserTests -*** successfully the Get request has done ***
12:21:07.196 [main] INFO  api.test.UserTests -*** Update request will start ***
12:21:08.728 [main] INFO  api.test.UserTests -*** successfully the Update request has done ***
12:21:08.730 [main] INFO  api.test.UserTests -*** Delete request will start ***
12:21:10.267 [main] INFO  api.test.UserTests -*** successfully the Delete request has done ***
12:32:58.648 [main] INFO  api.test.UserTests_Properties -*** Post request will start ***
12:33:02.219 [main] INFO  api.test.UserTests_Properties -*** successfully the Post request has done ***
12:33:02.237 [main] INFO  api.test.UserTests_Properties -*** Get request will start ***
12:33:03.700 [main] INFO  api.test.UserTests_Properties -*** successfully the Get request has done ***
12:33:03.703 [main] INFO  api.test.UserTests_Properties -*** Update request will start ***
12:33:05.161 [main] INFO  api.test.UserTests_Properties -*** successfully the Update request has done ***
12:33:05.163 [main] INFO  api.test.UserTests_Properties -*** Delete request will start ***
12:33:06.554 [main] INFO  api.test.UserTests_Properties -*** successfully the Delete request has done ***
12:33:06.627 [main] INFO  api.test.UserTests -*** Post request will start ***
12:33:08.094 [main] INFO  api.test.UserTests -*** successfully the Post request has done ***
12:33:08.096 [main] INFO  api.test.UserTests -*** Get request will start ***
12:33:09.512 [main] INFO  api.test.UserTests -*** successfully the Get request has done ***
12:33:09.515 [main] INFO  api.test.UserTests -*** Update request will start ***
12:33:10.943 [main] INFO  api.test.UserTests -*** successfully the Update request has done ***
12:33:10.945 [main] INFO  api.test.UserTests -*** Delete request will start ***
12:33:12.339 [main] INFO  api.test.UserTests -*** successfully the Delete request has done ***
